Determining if the Q_WS_WIN exist failed with the following output:
Change Dir: /home/axl/Projects/babel3/babel-2014-champi_d/CMakeFiles/CMakeTmp

Run Build Command:/usr/bin/make "cmTryCompileExec/fast"
/usr/bin/make -f CMakeFiles/cmTryCompileExec.dir/build.make CMakeFiles/cmTryCompileExec.dir/build
make[1]: entrant dans le répertoire « /home/axl/Projects/babel3/babel-2014-champi_d/CMakeFiles/CMakeTmp »
/usr/bin/cmake -E cmake_progress_report /home/axl/Projects/babel3/babel-2014-champi_d/CMakeFiles/CMakeTmp/CMakeFiles 1
Building C object CMakeFiles/cmTryCompileExec.dir/CheckSymbolExists.c.o
/usr/bin/gcc   -I/usr/include/qt4    -o CMakeFiles/cmTryCompileExec.dir/CheckSymbolExists.c.o   -c /home/axl/Projects/babel3/babel-2014-champi_d/CMakeFiles/CMakeTmp/CheckSymbolExists.c
/home/axl/Projects/babel3/babel-2014-champi_d/CMakeFiles/CMakeTmp/CheckSymbolExists.c: In function ‘main’:
/home/axl/Projects/babel3/babel-2014-champi_d/CMakeFiles/CMakeTmp/CheckSymbolExists.c:8:25: erreur: ‘Q_WS_WIN’ undeclared (first use in this function)
/home/axl/Projects/babel3/babel-2014-champi_d/CMakeFiles/CMakeTmp/CheckSymbolExists.c:8:25: note: each undeclared identifier is reported only once for each function it appears in
make[1]: quittant le répertoire « /home/axl/Projects/babel3/babel-2014-champi_d/CMakeFiles/CMakeTmp »
make[1]: *** [CMakeFiles/cmTryCompileExec.dir/CheckSymbolExists.c.o] Erreur 1
make: *** [cmTryCompileExec/fast] Erreur 2

File /home/axl/Projects/babel3/babel-2014-champi_d/CMakeFiles/CMakeTmp/CheckSymbolExists.c:
/* */
#include <QtCore/qglobal.h>

void cmakeRequireSymbol(int dummy,...){(void)dummy;}
int main()
{
#ifndef Q_WS_WIN
  cmakeRequireSymbol(0,&Q_WS_WIN);
#endif
  return 0;
}

Determining if the Q_WS_QWS exist failed with the following output:
Change Dir: /home/axl/Projects/babel3/babel-2014-champi_d/CMakeFiles/CMakeTmp

Run Build Command:/usr/bin/make "cmTryCompileExec/fast"
/usr/bin/make -f CMakeFiles/cmTryCompileExec.dir/build.make CMakeFiles/cmTryCompileExec.dir/build
make[1]: entrant dans le répertoire « /home/axl/Projects/babel3/babel-2014-champi_d/CMakeFiles/CMakeTmp »
/usr/bin/cmake -E cmake_progress_report /home/axl/Projects/babel3/babel-2014-champi_d/CMakeFiles/CMakeTmp/CMakeFiles 1
Building C object CMakeFiles/cmTryCompileExec.dir/CheckSymbolExists.c.o
/usr/bin/gcc   -I/usr/include/qt4    -o CMakeFiles/cmTryCompileExec.dir/CheckSymbolExists.c.o   -c /home/axl/Projects/babel3/babel-2014-champi_d/CMakeFiles/CMakeTmp/CheckSymbolExists.c
/home/axl/Projects/babel3/babel-2014-champi_d/CMakeFiles/CMakeTmp/CheckSymbolExists.c: In function ‘main’:
/home/axl/Projects/babel3/babel-2014-champi_d/CMakeFiles/CMakeTmp/CheckSymbolExists.c:8:25: erreur: ‘Q_WS_QWS’ undeclared (first use in this function)
/home/axl/Projects/babel3/babel-2014-champi_d/CMakeFiles/CMakeTmp/CheckSymbolExists.c:8:25: note: each undeclared identifier is reported only once for each function it appears in
make[1]: quittant le répertoire « /home/axl/Projects/babel3/babel-2014-champi_d/CMakeFiles/CMakeTmp »
make[1]: *** [CMakeFiles/cmTryCompileExec.dir/CheckSymbolExists.c.o] Erreur 1
make: *** [cmTryCompileExec/fast] Erreur 2

File /home/axl/Projects/babel3/babel-2014-champi_d/CMakeFiles/CMakeTmp/CheckSymbolExists.c:
/* */
#include <QtCore/qglobal.h>

void cmakeRequireSymbol(int dummy,...){(void)dummy;}
int main()
{
#ifndef Q_WS_QWS
  cmakeRequireSymbol(0,&Q_WS_QWS);
#endif
  return 0;
}

Determining if the Q_WS_MAC exist failed with the following output:
Change Dir: /home/axl/Projects/babel3/babel-2014-champi_d/CMakeFiles/CMakeTmp

Run Build Command:/usr/bin/make "cmTryCompileExec/fast"
/usr/bin/make -f CMakeFiles/cmTryCompileExec.dir/build.make CMakeFiles/cmTryCompileExec.dir/build
make[1]: entrant dans le répertoire « /home/axl/Projects/babel3/babel-2014-champi_d/CMakeFiles/CMakeTmp »
/usr/bin/cmake -E cmake_progress_report /home/axl/Projects/babel3/babel-2014-champi_d/CMakeFiles/CMakeTmp/CMakeFiles 1
Building C object CMakeFiles/cmTryCompileExec.dir/CheckSymbolExists.c.o
/usr/bin/gcc   -I/usr/include/qt4    -o CMakeFiles/cmTryCompileExec.dir/CheckSymbolExists.c.o   -c /home/axl/Projects/babel3/babel-2014-champi_d/CMakeFiles/CMakeTmp/CheckSymbolExists.c
/home/axl/Projects/babel3/babel-2014-champi_d/CMakeFiles/CMakeTmp/CheckSymbolExists.c: In function ‘main’:
/home/axl/Projects/babel3/babel-2014-champi_d/CMakeFiles/CMakeTmp/CheckSymbolExists.c:8:25: erreur: ‘Q_WS_MAC’ undeclared (first use in this function)
/home/axl/Projects/babel3/babel-2014-champi_d/CMakeFiles/CMakeTmp/CheckSymbolExists.c:8:25: note: each undeclared identifier is reported only once for each function it appears in
make[1]: *** [CMakeFiles/cmTryCompileExec.dir/CheckSymbolExists.c.o] Erreur 1
make[1]: quittant le répertoire « /home/axl/Projects/babel3/babel-2014-champi_d/CMakeFiles/CMakeTmp »
make: *** [cmTryCompileExec/fast] Erreur 2

File /home/axl/Projects/babel3/babel-2014-champi_d/CMakeFiles/CMakeTmp/CheckSymbolExists.c:
/* */
#include <QtCore/qglobal.h>

void cmakeRequireSymbol(int dummy,...){(void)dummy;}
int main()
{
#ifndef Q_WS_MAC
  cmakeRequireSymbol(0,&Q_WS_MAC);
#endif
  return 0;
}

Determining if the Q_WS_WIN exist failed with the following output:
Change Dir: /home/axl/Downloads/babel-2014-champi_d/CMakeFiles/CMakeTmp

Run Build Command:/usr/bin/make "cmTryCompileExec/fast"
/usr/bin/make -f CMakeFiles/cmTryCompileExec.dir/build.make CMakeFiles/cmTryCompileExec.dir/build
make[1]: Entering directory `/home/axl/Downloads/babel-2014-champi_d/CMakeFiles/CMakeTmp'
/usr/bin/cmake -E cmake_progress_report /home/axl/Downloads/babel-2014-champi_d/CMakeFiles/CMakeTmp/CMakeFiles 1
Building CXX object CMakeFiles/cmTryCompileExec.dir/CheckSymbolExists.cxx.o
/usr/bin/c++    -W -Wextra -ansi -Wall   -I/usr/include/qt4    -o CMakeFiles/cmTryCompileExec.dir/CheckSymbolExists.cxx.o -c /home/axl/Downloads/babel-2014-champi_d/CMakeFiles/CMakeTmp/CheckSymbolExists.cxx
/home/axl/Downloads/babel-2014-champi_d/CMakeFiles/CMakeTmp/CheckSymbolExists.cxx: In function ‘int main()’:
/home/axl/Downloads/babel-2014-champi_d/CMakeFiles/CMakeTmp/CheckSymbolExists.cxx:8:25: error: ‘Q_WS_WIN’ was not declared in this scope
make[1]: *** [CMakeFiles/cmTryCompileExec.dir/CheckSymbolExists.cxx.o] Error 1
make[1]: Leaving directory `/home/axl/Downloads/babel-2014-champi_d/CMakeFiles/CMakeTmp'
make: *** [cmTryCompileExec/fast] Error 2

File /home/axl/Downloads/babel-2014-champi_d/CMakeFiles/CMakeTmp/CheckSymbolExists.cxx:
/* */
#include <QtCore/qglobal.h>

void cmakeRequireSymbol(int dummy,...){(void)dummy;}
int main()
{
#ifndef Q_WS_WIN
  cmakeRequireSymbol(0,&Q_WS_WIN);
#endif
  return 0;
}

Determining if the Q_WS_QWS exist failed with the following output:
Change Dir: /home/axl/Downloads/babel-2014-champi_d/CMakeFiles/CMakeTmp

Run Build Command:/usr/bin/make "cmTryCompileExec/fast"
/usr/bin/make -f CMakeFiles/cmTryCompileExec.dir/build.make CMakeFiles/cmTryCompileExec.dir/build
make[1]: Entering directory `/home/axl/Downloads/babel-2014-champi_d/CMakeFiles/CMakeTmp'
/usr/bin/cmake -E cmake_progress_report /home/axl/Downloads/babel-2014-champi_d/CMakeFiles/CMakeTmp/CMakeFiles 1
Building CXX object CMakeFiles/cmTryCompileExec.dir/CheckSymbolExists.cxx.o
/usr/bin/c++    -W -Wextra -ansi -Wall   -I/usr/include/qt4    -o CMakeFiles/cmTryCompileExec.dir/CheckSymbolExists.cxx.o -c /home/axl/Downloads/babel-2014-champi_d/CMakeFiles/CMakeTmp/CheckSymbolExists.cxx
/home/axl/Downloads/babel-2014-champi_d/CMakeFiles/CMakeTmp/CheckSymbolExists.cxx: In function ‘int main()’:
/home/axl/Downloads/babel-2014-champi_d/CMakeFiles/CMakeTmp/CheckSymbolExists.cxx:8:25: error: ‘Q_WS_QWS’ was not declared in this scope
make[1]: *** [CMakeFiles/cmTryCompileExec.dir/CheckSymbolExists.cxx.o] Error 1
make[1]: Leaving directory `/home/axl/Downloads/babel-2014-champi_d/CMakeFiles/CMakeTmp'
make: *** [cmTryCompileExec/fast] Error 2

File /home/axl/Downloads/babel-2014-champi_d/CMakeFiles/CMakeTmp/CheckSymbolExists.cxx:
/* */
#include <QtCore/qglobal.h>

void cmakeRequireSymbol(int dummy,...){(void)dummy;}
int main()
{
#ifndef Q_WS_QWS
  cmakeRequireSymbol(0,&Q_WS_QWS);
#endif
  return 0;
}

Determining if the Q_WS_MAC exist failed with the following output:
Change Dir: /home/axl/Downloads/babel-2014-champi_d/CMakeFiles/CMakeTmp

Run Build Command:/usr/bin/make "cmTryCompileExec/fast"
/usr/bin/make -f CMakeFiles/cmTryCompileExec.dir/build.make CMakeFiles/cmTryCompileExec.dir/build
make[1]: Entering directory `/home/axl/Downloads/babel-2014-champi_d/CMakeFiles/CMakeTmp'
/usr/bin/cmake -E cmake_progress_report /home/axl/Downloads/babel-2014-champi_d/CMakeFiles/CMakeTmp/CMakeFiles 1
Building CXX object CMakeFiles/cmTryCompileExec.dir/CheckSymbolExists.cxx.o
/usr/bin/c++    -W -Wextra -ansi -Wall   -I/usr/include/qt4    -o CMakeFiles/cmTryCompileExec.dir/CheckSymbolExists.cxx.o -c /home/axl/Downloads/babel-2014-champi_d/CMakeFiles/CMakeTmp/CheckSymbolExists.cxx
/home/axl/Downloads/babel-2014-champi_d/CMakeFiles/CMakeTmp/CheckSymbolExists.cxx: In function ‘int main()’:
/home/axl/Downloads/babel-2014-champi_d/CMakeFiles/CMakeTmp/CheckSymbolExists.cxx:8:25: error: ‘Q_WS_MAC’ was not declared in this scope
make[1]: *** [CMakeFiles/cmTryCompileExec.dir/CheckSymbolExists.cxx.o] Error 1
make[1]: Leaving directory `/home/axl/Downloads/babel-2014-champi_d/CMakeFiles/CMakeTmp'
make: *** [cmTryCompileExec/fast] Error 2

File /home/axl/Downloads/babel-2014-champi_d/CMakeFiles/CMakeTmp/CheckSymbolExists.cxx:
/* */
#include <QtCore/qglobal.h>

void cmakeRequireSymbol(int dummy,...){(void)dummy;}
int main()
{
#ifndef Q_WS_MAC
  cmakeRequireSymbol(0,&Q_WS_MAC);
#endif
  return 0;
}

